<?xml version="1.0" encoding="UTF-8"?>
<testng-results skipped="0" failed="0" ignored="0" total="2" passed="2">
  <reporter-output>
  </reporter-output>
  <suite name="Suite" duration-ms="9989" started-at="2022-06-25T08:48:56Z" finished-at="2022-06-25T08:49:06Z">
    <groups>
    </groups>
    <test name="Test" duration-ms="9989" started-at="2022-06-25T08:48:56Z" finished-at="2022-06-25T08:49:06Z">
      <class name="TugasPertemuan5.Tugas5">
        <test-method status="PASS" signature="Register()[pri:0, instance:TugasPertemuan5.Tugas5@78fbff54]" name="Register" duration-ms="8509" started-at="2022-06-25T08:48:56Z" finished-at="2022-06-25T08:49:04Z">
          <reporter-output>
          </reporter-output>
        </test-method> <!-- Register -->
      </class> <!-- TugasPertemuan5.Tugas5 -->
      <class name="TugasPertemuan3.AutomationPageFactory">
        <test-method status="PASS" signature="setUp()[pri:0, instance:TugasPertemuan3.AutomationPageFactory@77a98a6a]" name="setUp" is-config="true" duration-ms="7422" started-at="2022-06-25T08:48:56Z" finished-at="2022-06-25T08:49:03Z">
          <reporter-output>
          </reporter-output>
        </test-method> <!-- setUp -->
        <test-method status="PASS" signature="testLogin()[pri:0, instance:TugasPertemuan3.AutomationPageFactory@77a98a6a]" name="testLogin" duration-ms="1391" started-at="2022-06-25T08:49:03Z" finished-at="2022-06-25T08:49:05Z">
          <reporter-output>
          </reporter-output>
        </test-method> <!-- testLogin -->
        <test-method status="PASS" signature="tearDown()[pri:0, instance:TugasPertemuan3.AutomationPageFactory@77a98a6a]" name="tearDown" is-config="true" duration-ms="964" started-at="2022-06-25T08:49:05Z" finished-at="2022-06-25T08:49:06Z">
          <reporter-output>
          </reporter-output>
        </test-method> <!-- tearDown -->
      </class> <!-- TugasPertemuan3.AutomationPageFactory -->
    </test> <!-- Test -->
  </suite> <!-- Suite -->
</testng-results>
