<?xml version="1.0" encoding="UTF-8"?>
<testng-results skipped="0" failed="0" ignored="0" total="1" passed="1">
  <reporter-output>
  </reporter-output>
  <suite name="Suite" duration-ms="8219" started-at="2022-06-18T05:00:35Z" finished-at="2022-06-18T05:00:44Z">
    <groups>
    </groups>
    <test name="Test" duration-ms="8219" started-at="2022-06-18T05:00:35Z" finished-at="2022-06-18T05:00:44Z">
      <class name="TugasPertemuan3.AutomationPageFactory">
        <test-method status="PASS" signature="setUp()[pri:0, instance:TugasPertemuan3.AutomationPageFactory@71238fc2]" name="setUp" is-config="true" duration-ms="5883" started-at="2022-06-18T05:00:35Z" finished-at="2022-06-18T05:00:41Z">
          <reporter-output>
          </reporter-output>
        </test-method> <!-- setUp -->
        <test-method status="PASS" signature="testLogin()[pri:0, instance:TugasPertemuan3.AutomationPageFactory@71238fc2]" name="testLogin" duration-ms="1335" started-at="2022-06-18T05:00:42Z" finished-at="2022-06-18T05:00:43Z">
          <reporter-output>
          </reporter-output>
        </test-method> <!-- testLogin -->
        <test-method status="PASS" signature="tearDown()[pri:0, instance:TugasPertemuan3.AutomationPageFactory@71238fc2]" name="tearDown" is-config="true" duration-ms="728" started-at="2022-06-18T05:00:43Z" finished-at="2022-06-18T05:00:44Z">
          <reporter-output>
          </reporter-output>
        </test-method> <!-- tearDown -->
      </class> <!-- TugasPertemuan3.AutomationPageFactory -->
    </test> <!-- Test -->
  </suite> <!-- Suite -->
</testng-results>
